2025-06-15 17:15:12 Сигнал: сконвертуйте GNO 0.17209865 вручну на USDT 19.9118
2025-06-15 17:15:13 Сигнал: сконвертуйте FLOKI 262034.38 вручну на USDT 20.3915
2025-06-15 17:31:55 Сигнал: сконвертуйте GNO 0.17209865 вручну на USDT 19.9634
2025-06-15 17:31:55 Сигнал: сконвертуйте BTTC 14910447.6 вручну на USDT 9.99
2025-06-15 17:31:56 Сигнал: сконвертуйте FLOKI 262034.38 вручну на USDT 20.4465
2025-06-15 18:20:39 Сигнал: сконвертуйте BTTC 44678601.4 вручну на USDT 29.9347
2025-06-15 18:35:30 Сигнал: сконвертуйте FUN 2732.15776049 вручну на USDT 9.721
2025-06-15 18:37:21 Сигнал: сконвертуйте FUN 2732.15776049 вручну на USDT 9.721
2025-06-15 19:26:00 Сигнал: сконвертуйте FUN 2732.15776049 вручну на USDT 9.4942
2025-06-15 19:40:53 Сигнал: сконвертуйте FUN 2732.15776049 вручну на USDT 9.5298
2025-06-15 19:40:54 Сигнал: сконвертуйте BTTC 44678601.4 вручну на USDT 29.9347
2025-06-15 19:42:40 Сигнал: сконвертуйте FUN 2732.15776049 вручну на USDT 9.4642
2025-06-15 19:42:41 Сигнал: сконвертуйте BTTC 44678601.4 вручну на USDT 29.4879
2025-06-15 20:31:19 Сигнал: сконвертуйте FUN 2732.15776049 вручну на USDT 9.4587
2025-06-15 20:46:17 Сигнал: сконвертуйте FUN 2732.15776049 вручну на USDT 9.4341
2025-06-15 20:47:56 Сигнал: сконвертуйте FUN 2732.15776049 вручну на USDT 9.4533
2025-06-15 21:36:41 Сигнал: сконвертуйте FUN 2732.15776049 вручну на USDT 9.4177
2025-06-15 21:51:33 Сигнал: сконвертуйте FUN 2732.15776049 вручну на USDT 9.4615
2025-06-15 21:53:14 Сигнал: сконвертуйте FUN 2732.15776049 вручну на USDT 9.4369
2025-06-15 22:41:55 Сигнал: сконвертуйте FUN 2732.15776049 вручну на USDT 9.5434
2025-06-15 22:56:59 Сигнал: сконвертуйте FUN 2732.15776049 вручну на USDT 9.6063
2025-06-15 22:58:27 Сигнал: сконвертуйте FUN 2732.15776049 вручну на USDT 9.6008
2025-06-15 23:47:19 Сигнал: сконвертуйте FUN 2732.15776049 вручну на USDT 9.609
2025-06-16 00:02:23 Сигнал: сконвертуйте FUN 2732.15776049 вручну на USDT 9.5817
2025-06-16 00:03:46 Сигнал: сконвертуйте FUN 2732.15776049 вручну на USDT 9.5817
2025-06-16 00:03:47 Сигнал: сконвертуйте BTTC 44678601.4 вручну на USDT 29.4879
2025-06-16 00:52:37 Сигнал: сконвертуйте FUN 2732.15776049 вручну на USDT 9.4861
2025-06-16 01:07:43 Сигнал: сконвертуйте FUN 2732.15776049 вручну на USDT 9.5161
2025-06-16 01:08:58 Сигнал: сконвертуйте FUN 2732.15776049 вручну на USDT 9.5024
2025-06-16 01:57:52 Сигнал: сконвертуйте FUN 2732.15776049 вручну на USDT 9.538
2025-06-16 01:57:53 Сигнал: сконвертуйте BTTC 44678601.4 вручну на USDT 29.4879
2025-06-16 02:13:01 Сигнал: сконвертуйте FUN 2732.15776049 вручну на USDT 9.5544
2025-06-16 02:13:02 Сигнал: сконвертуйте BTTC 44678601.4 вручну на USDT 29.9347
2025-06-16 02:14:25 Сигнал: сконвертуйте FUN 2732.15776049 вручну на USDT 9.5707
2025-06-16 03:03:14 Сигнал: сконвертуйте FUN 2732.15776049 вручну на USDT 9.5544
2025-06-16 03:03:15 Сигнал: сконвертуйте BTTC 44678601.4 вручну на USDT 29.4879
2025-06-16 03:18:20 Сигнал: сконвертуйте FUN 2732.15776049 вручну на USDT 9.6418
2025-06-16 03:19:43 Сигнал: сконвертуйте FUN 2732.15776049 вручну на USDT 9.6554
2025-06-16 04:08:33 Сигнал: сконвертуйте FUN 2732.15776049 вручну на USDT 9.5953
2025-06-16 04:08:34 Сигнал: сконвертуйте BTTC 44678601.4 вручну на USDT 29.9347
2025-06-16 04:23:42 Сигнал: сконвертуйте FUN 2732.15776049 вручну на USDT 9.6718
2025-06-16 04:25:06 Сигнал: сконвертуйте FUN 2732.15776049 вручну на USDT 9.6636
2025-06-16 05:13:54 Сигнал: сконвертуйте FUN 2732.15776049 вручну на USDT 9.6992
2025-06-16 05:29:20 Сигнал: сконвертуйте FUN 2732.15776049 вручну на USDT 9.7101
2025-06-16 05:30:42 Сигнал: сконвертуйте FUN 2732.15776049 вручну на USDT 9.7074
2025-06-16 05:30:43 Сигнал: сконвертуйте BTTC 44678601.4 вручну на USDT 29.9347
2025-06-16 06:19:18 Сигнал: сконвертуйте FUN 2732.15776049 вручну на USDT 9.8303
2025-06-16 06:34:54 Сигнал: сконвертуйте FUN 2732.15776049 вручну на USDT 9.8931
2025-06-16 06:34:55 Сигнал: сконвертуйте BTTC 44678601.4 вручну на USDT 29.4879
2025-06-16 06:36:06 Сигнал: сконвертуйте FUN 2732.15776049 вручну на USDT 9.8631
2025-06-16 07:24:47 Сигнал: сконвертуйте FUN 2732.15776049 вручну на USDT 9.8494
2025-06-16 07:24:48 Сигнал: сконвертуйте BTTC 44678601.4 вручну на USDT 29.4879
2025-06-16 07:40:19 Сигнал: сконвертуйте FUN 2732.15776049 вручну на USDT 9.8576
2025-06-16 07:40:20 Сигнал: сконвертуйте BTTC 44678601.4 вручну на USDT 29.9347
2025-06-16 07:41:27 Сигнал: сконвертуйте FUN 2732.15776049 вручну на USDT 9.874
2025-06-16 08:30:15 Сигнал: сконвертуйте BTTC 44678601.4 вручну на USDT 29.9347
2025-06-16 08:45:46 Сигнал: сконвертуйте BTTC 44678601.4 вручну на USDT 29.9347
2025-06-16 09:35:50 Сигнал: сконвертуйте BTTC 44678601.4 вручну на USDT 29.9347
2025-06-16 09:51:15 Сигнал: сконвертуйте BTTC 44678601.4 вручну на USDT 30.3814
2025-06-16 09:52:11 Сигнал: сконвертуйте BTTC 44678601.4 вручну на USDT 29.9347
2025-06-16 10:41:13 Сигнал: сконвертуйте BTTC 44678601.4 вручну на USDT 29.9347
2025-06-16 10:56:32 Сигнал: сконвертуйте BTTC 44678601.4 вручну на USDT 29.9347
2025-06-16 10:57:36 Сигнал: сконвертуйте BTTC 44678601.4 вручну на USDT 29.9347
2025-06-16 11:46:37 Сигнал: сконвертуйте BTTC 44678601.4 вручну на USDT 29.9347
2025-06-16 12:02:03 Сигнал: сконвертуйте BTTC 44678601.4 вручну на USDT 29.9347
2025-06-16 12:02:59 Сигнал: сконвертуйте BTTC 44678601.4 вручну на USDT 29.9347
2025-06-16 12:52:03 Сигнал: сконвертуйте BTTC 44678601.4 вручну на USDT 30.3814
2025-06-16 13:07:22 Сигнал: сконвертуйте BTTC 44678601.4 вручну на USDT 30.3814
2025-06-16 13:08:16 Сигнал: сконвертуйте BTTC 44678601.4 вручну на USDT 30.3814
2025-06-16 13:57:23 Сигнал: сконвертуйте BTTC 44678601.4 вручну на USDT 30.3814
2025-06-16 14:12:48 Сигнал: сконвертуйте BTTC 44678601.4 вручну на USDT 30.8282
2025-06-16 14:13:37 Сигнал: сконвертуйте BTTC 44678601.4 вручну на USDT 30.3814
2025-06-16 15:02:47 Сигнал: сконвертуйте PAXG 0.00294148 вручну на USDT 10.0728
2025-06-16 15:02:47 Сигнал: сконвертуйте BTTC 14892867.2 вручну на USDT 10.2761
2025-06-16 15:02:48 Сигнал: сконвертуйте PEPE 882178.68 вручну на USDT 10.048
2025-06-16 15:18:11 Сигнал: сконвертуйте PAXG 0.00294148 вручну на USDT 10.0717
2025-06-16 15:18:12 Сигнал: сконвертуйте BTTC 14892867.2 вручну на USDT 10.1271
2025-06-16 15:18:13 Сигнал: сконвертуйте PEPE 882178.68 вручну на USDT 10.048
2025-06-16 15:19:05 Сигнал: сконвертуйте PAXG 0.00294148 вручну на USDT 10.0712
2025-06-16 15:19:06 Сигнал: сконвертуйте BTTC 14892867.2 вручну на USDT 10.2761
2025-06-16 15:19:07 Сигнал: сконвертуйте PEPE 882178.68 вручну на USDT 10.0568
2025-06-16 16:08:21 Сигнал: сконвертуйте PAXG 0.00294148 вручну на USDT 10.0734
2025-06-16 16:08:22 Сигнал: сконвертуйте BTTC 14892867.2 вручну на USDT 10.2761
2025-06-16 16:08:23 Сигнал: сконвертуйте PEPE 882178.68 вручну на USDT 9.9069
2025-06-16 16:24:34 Сигнал: сконвертуйте PAXG 0.00294148 вручну на USDT 10.0632
2025-06-16 16:24:35 Сигнал: сконвертуйте BTTC 14892867.2 вручну на USDT 10.2761
2025-06-16 16:24:35 Сигнал: сконвертуйте PEPE 882178.68 вручну на USDT 9.9333
2025-06-16 17:13:49 Сигнал: сконвертуйте PAXG 0.00294148 вручну на USDT 10.0649
2025-06-16 17:13:50 Сигнал: сконвертуйте BTTC 14892867.2 вручну на USDT 10.2761
2025-06-16 17:13:51 Сигнал: сконвертуйте PEPE 882178.68 вручну на USDT 9.9069
2025-06-16 17:30:15 Сигнал: сконвертуйте PAXG 0.00294148 вручну на USDT 10.0619
2025-06-16 17:30:16 Сигнал: сконвертуйте BTTC 14892867.2 вручну на USDT 10.2761
2025-06-16 17:30:17 Сигнал: сконвертуйте PEPE 882178.68 вручну на USDT 9.951
2025-06-16 18:19:18 Сигнал: сконвертуйте PAXG 0.00294148 вручну на USDT 10.0384
2025-06-16 18:19:19 Сигнал: сконвертуйте BTTC 14892867.2 вручну на USDT 10.2761
2025-06-16 18:19:20 Сигнал: сконвертуйте PEPE 882178.68 вручну на USDT 9.9333
2025-06-16 18:35:41 Сигнал: сконвертуйте PAXG 0.00294148 вручну на USDT 10.0407
2025-06-16 18:35:41 Сигнал: сконвертуйте BTTC 14892867.2 вручну на USDT 10.1271
2025-06-16 18:35:42 Сигнал: сконвертуйте PEPE 882178.68 вручну на USDT 9.951
2025-06-16 19:24:46 Сигнал: сконвертуйте PAXG 0.00098636 вручну на USDT 3.3616
2025-06-16 19:24:46 Сигнал: сконвертуйте BTTC 63737306.7 вручну на USDT 43.9787
2025-06-16 19:24:48 Сигнал: сконвертуйте PEPE 295817.94 вручну на USDT 3.3605
2025-06-16 19:41:00 Сигнал: сконвертуйте PAXG 0.00098636 вручну на USDT 3.3638
2025-06-16 19:41:01 Сигнал: сконвертуйте BTTC 63737306.7 вручну на USDT 43.3414
2025-06-16 19:41:03 Сигнал: сконвертуйте PEPE 295817.94 вручну на USDT 3.3516
2025-06-16 20:30:14 Сигнал: сконвертуйте PAXG 0.00098636 вручну на USDT 3.3604
2025-06-16 20:30:15 Сигнал: сконвертуйте BTTC 63737306.7 вручну на USDT 43.3414
2025-06-16 20:30:16 Сигнал: сконвертуйте PEPE 295817.94 вручну на USDT 3.3368
2025-06-16 20:46:21 Сигнал: сконвертуйте PAXG 0.00098636 вручну на USDT 3.3595
2025-06-16 20:46:21 Сигнал: сконвертуйте BTTC 63737306.7 вручну на USDT 43.3414
2025-06-16 20:46:23 Сигнал: сконвертуйте PEPE 295817.94 вручну на USDT 3.3605
2025-06-16 21:35:42 Сигнал: сконвертуйте PAXG 0.00098636 вручну на USDT 3.3668
2025-06-16 21:35:42 Сигнал: сконвертуйте BTTC 63737306.7 вручну на USDT 43.3414
2025-06-16 21:35:43 Сигнал: сконвертуйте PEPE 295817.94 вручну на USDT 3.325
2025-06-16 21:51:41 Сигнал: сконвертуйте PAXG 0.00098636 вручну на USDT 3.3678
2025-06-16 21:51:42 Сигнал: сконвертуйте BTTC 63737306.7 вручну на USDT 43.3414
2025-06-16 21:51:43 Сигнал: сконвертуйте PEPE 295817.94 вручну на USDT 3.3309
2025-06-16 22:41:08 Сигнал: сконвертуйте PAXG 0.00098636 вручну на USDT 3.3698
2025-06-16 22:41:09 Сигнал: сконвертуйте BTTC 63737306.7 вручну на USDT 43.3414
2025-06-16 22:41:10 Сигнал: сконвертуйте PEPE 295817.94 вручну на USDT 3.2422
2025-06-16 22:57:03 Сигнал: сконвертуйте PAXG 0.00098636 вручну на USDT 3.3746
2025-06-16 22:57:04 Сигнал: сконвертуйте BTTC 63737306.7 вручну на USDT 42.704
2025-06-16 22:57:05 Сигнал: сконвертуйте PEPE 295817.94 вручну на USDT 3.1889
2025-06-16 23:46:37 Сигнал: сконвертуйте PAXG 0.00098636 вручну на USDT 3.3766
2025-06-16 23:46:38 Сигнал: сконвертуйте BTTC 63737306.7 вручну на USDT 43.3414
2025-06-16 23:46:38 Сигнал: сконвертуйте PEPE 295817.94 вручну на USDT 3.1771
2025-06-17 00:02:30 Сигнал: сконвертуйте PAXG 0.00098636 вручну на USDT 3.3824
2025-06-17 00:02:31 Сигнал: сконвертуйте BTTC 63737306.7 вручну на USDT 42.704
2025-06-17 00:02:31 Сигнал: сконвертуйте PEPE 295817.94 вручну на USDT 3.0943
2025-06-17 00:51:57 Сигнал: сконвертуйте PAXG 0.00098636 вручну на USDT 3.3797
2025-06-17 00:51:58 Сигнал: сконвертуйте BTTC 63737306.7 вручну на USDT 42.704
2025-06-17 00:51:59 Сигнал: сконвертуйте PEPE 295817.94 вручну на USDT 3.1209
2025-06-17 01:07:54 Сигнал: сконвертуйте PAXG 0.00098636 вручну на USDT 3.3798
2025-06-17 01:07:55 Сигнал: сконвертуйте BTTC 63737306.7 вручну на USDT 42.704
2025-06-17 01:07:56 Сигнал: сконвертуйте PEPE 295817.94 вручну на USDT 3.1357
2025-06-17 01:57:17 Сигнал: сконвертуйте PAXG 0.00098636 вручну на USDT 3.3787
2025-06-17 01:57:18 Сигнал: сконвертуйте BTTC 63737306.7 вручну на USDT 43.3414
2025-06-17 01:57:19 Сигнал: сконвертуйте PEPE 295817.94 вручну на USDT 3.1298
2025-06-17 02:13:10 Сигнал: сконвертуйте PAXG 0.00098636 вручну на USDT 3.3767
2025-06-17 02:13:11 Сигнал: сконвертуйте BTTC 63737306.7 вручну на USDT 43.3414
2025-06-17 02:13:12 Сигнал: сконвертуйте PEPE 295817.94 вручну на USDT 3.1238
2025-06-17 03:02:42 Сигнал: сконвертуйте PAXG 0.00098636 вручну на USDT 3.3722
2025-06-17 03:02:43 Сигнал: сконвертуйте BTTC 63737306.7 вручну на USDT 42.704
2025-06-17 03:02:44 Сигнал: сконвертуйте PEPE 295817.94 вручну на USDT 3.1623
2025-06-17 03:18:33 Сигнал: сконвертуйте PAXG 0.00098636 вручну на USDT 3.3639
2025-06-17 03:18:34 Сигнал: сконвертуйте BTTC 63737306.7 вручну на USDT 42.704
2025-06-17 03:18:35 Сигнал: сконвертуйте PEPE 295817.94 вручну на USDT 3.1712
2025-06-17 04:08:08 Сигнал: сконвертуйте PAXG 0.00035855 вручну на USDT 1.2239
2025-06-17 04:08:09 Сигнал: сконвертуйте BTTC 79281427.7 вручну на USDT 53.1186
2025-06-17 04:08:10 Сигнал: сконвертуйте PEPE 107529.35 вручну на USDT 1.1527
2025-06-17 04:23:55 Сигнал: сконвертуйте PAXG 0.00035855 вручну на USDT 1.2232
2025-06-17 04:23:55 Сигнал: сконвертуйте BTTC 79281427.7 вручну на USDT 53.1186
2025-06-17 04:23:56 Сигнал: сконвертуйте PEPE 107529.35 вручну на USDT 1.1495
2025-06-17 05:13:34 Сигнал: сконвертуйте PAXG 0.00035855 вручну на USDT 1.2259
2025-06-17 05:13:34 Сигнал: сконвертуйте BTTC 79281427.7 вручну на USDT 53.1186
2025-06-17 05:13:35 Сигнал: сконвертуйте PEPE 107529.35 вручну на USDT 1.1463
